\BOOKMARK [0][-]{section.0.1}{Contents}{}% 1
\BOOKMARK [0][-]{section.0.2}{List of Figures}{}% 2
\BOOKMARK [0][-]{section.0.3}{List of Tables}{}% 3
\BOOKMARK [0][-]{section.0.4}{Listings}{}% 4
\BOOKMARK [0][-]{section.0.5}{Acronyms}{}% 5
\BOOKMARK [0][-]{chapter.1}{Introduction}{}% 6
\BOOKMARK [1][-]{section.1.1}{ATLAS Project}{chapter.1}% 7
\BOOKMARK [1][-]{section.1.2}{Motivation}{chapter.1}% 8
\BOOKMARK [1][-]{section.1.3}{Objectives}{chapter.1}% 9
\BOOKMARK [1][-]{section.1.4}{Document Structure}{chapter.1}% 10
\BOOKMARK [0][-]{chapter.2}{Literature Review}{}% 11
\BOOKMARK [1][-]{section.2.1}{Milestones on the History of autonomous driving}{chapter.2}% 12
\BOOKMARK [1][-]{section.2.2}{Related work on ATLASCAR2}{chapter.2}% 13
\BOOKMARK [2][-]{subsection.2.2.1}{Multisensor Calibration and Data Fusion Using LIDAR and Vision}{section.2.2}% 14
\BOOKMARK [2][-]{subsection.2.2.2}{Visual and Depth Perception Unit for ATLASCAR2}{section.2.2}% 15
\BOOKMARK [2][-]{subsection.2.2.3}{Active Tracking of Dynamic Multivariate Agents}{section.2.2}% 16
\BOOKMARK [1][-]{section.2.3}{ADAS Datasets - Examples of Labelled Data}{chapter.2}% 17
\BOOKMARK [2][-]{subsection.2.3.1}{KITTI Dataset}{section.2.3}% 18
\BOOKMARK [2][-]{subsection.2.3.2}{Berkeley DeepDrive Dataset}{section.2.3}% 19
\BOOKMARK [2][-]{subsection.2.3.3}{HumanEva II Dataset}{section.2.3}% 20
\BOOKMARK [2][-]{subsection.2.3.4}{Other relevant datasets}{section.2.3}% 21
\BOOKMARK [3][-]{section*.25}{ETHZ dataset}{subsection.2.3.4}% 22
\BOOKMARK [3][-]{section*.28}{EPFL dataset}{subsection.2.3.4}% 23
\BOOKMARK [2][-]{subsection.2.3.5}{Resume}{section.2.3}% 24
\BOOKMARK [0][-]{chapter.3}{Experimental Infrastructure}{}% 25
\BOOKMARK [1][-]{section.3.1}{ATLASCAR 2}{chapter.3}% 26
\BOOKMARK [1][-]{section.3.2}{LIDAR Sensors}{chapter.3}% 27
\BOOKMARK [2][-]{subsection.3.2.1}{SICK LMS151}{section.3.2}% 28
\BOOKMARK [2][-]{subsection.3.2.2}{SICK LD-MRS}{section.3.2}% 29
\BOOKMARK [1][-]{section.3.3}{PointGrey Zebra 2 Camera}{chapter.3}% 30
\BOOKMARK [1][-]{section.3.4}{Software}{chapter.3}% 31
\BOOKMARK [2][-]{subsection.3.4.1}{ROS}{section.3.4}% 32
\BOOKMARK [3][-]{section*.40}{Rviz}{subsection.3.4.1}% 33
\BOOKMARK [3][-]{section*.42}{Rosbag}{subsection.3.4.1}% 34
\BOOKMARK [3][-]{section*.43}{Roslaunch}{subsection.3.4.1}% 35
\BOOKMARK [3][-]{section*.44}{Rqt\137bag}{subsection.3.4.1}% 36
\BOOKMARK [2][-]{subsection.3.4.2}{LAR Toolkit}{section.3.4}% 37
\BOOKMARK [3][-]{section*.46}{Multi-sensor calibration package}{subsection.3.4.2}% 38
\BOOKMARK [3][-]{section*.48}{Multi Target Tracking \(MTT\)}{subsection.3.4.2}% 39
\BOOKMARK [2][-]{subsection.3.4.3}{PCL}{section.3.4}% 40
\BOOKMARK [0][-]{chapter.4}{Improvement of the Calibration Process in ATLASCAR2}{}% 41
\BOOKMARK [1][-]{section.4.1}{New Ball Detector Algorithm}{chapter.4}% 42
\BOOKMARK [2][-]{subsection.4.1.1}{Background Subtraction}{section.4.1}% 43
\BOOKMARK [2][-]{subsection.4.1.2}{Noise Filtering}{section.4.1}% 44
\BOOKMARK [2][-]{subsection.4.1.3}{Color Filtering}{section.4.1}% 45
\BOOKMARK [2][-]{subsection.4.1.4}{Bounding Box}{section.4.1}% 46
\BOOKMARK [1][-]{section.4.2}{Modifying the calibration package}{chapter.4}% 47
\BOOKMARK [0][-]{chapter.5}{Object Detection, Tracking and Labelling}{}% 48
\BOOKMARK [1][-]{section.5.1}{Image Tracking}{chapter.5}% 49
\BOOKMARK [1][-]{section.5.2}{Range Based Tracking}{chapter.5}% 50
\BOOKMARK [1][-]{section.5.3}{Sensor Data Fusion}{chapter.5}% 51
\BOOKMARK [2][-]{subsection.5.3.1}{Dynamic 2D Bounding Box Size}{section.5.3}% 52
\BOOKMARK [2][-]{subsection.5.3.2}{Pointcloud Projection}{section.5.3}% 53
\BOOKMARK [2][-]{subsection.5.3.3}{Suggestion of Objects of Interest}{section.5.3}% 54
\BOOKMARK [2][-]{subsection.5.3.4}{Improvement of the Manual Labelling}{section.5.3}% 55
\BOOKMARK [1][-]{section.5.4}{Output Datasets}{chapter.5}% 56
\BOOKMARK [2][-]{subsection.5.4.1}{2D Dataset}{section.5.4}% 57
\BOOKMARK [2][-]{subsection.5.4.2}{3D Datasets}{section.5.4}% 58
\BOOKMARK [1][-]{section.5.5}{UI Tools for Labelling}{chapter.5}% 59
\BOOKMARK [2][-]{subsection.5.5.1}{Labelling Interface}{section.5.5}% 60
\BOOKMARK [2][-]{subsection.5.5.2}{Automatic Pause for the rqt\137bag}{section.5.5}% 61
\BOOKMARK [2][-]{subsection.5.5.3}{Playback}{section.5.5}% 62
\BOOKMARK [0][-]{chapter.6}{Results}{}% 63
\BOOKMARK [1][-]{section.6.1}{Camera Calibration}{chapter.6}% 64
\BOOKMARK [1][-]{section.6.2}{Detection, Tracking and Labelling}{chapter.6}% 65
\BOOKMARK [2][-]{subsection.6.2.1}{Dataset 1 - Highway / A25}{section.6.2}% 66
\BOOKMARK [2][-]{subsection.6.2.2}{Dataset 2 - Aveiro City Urban Area}{section.6.2}% 67
\BOOKMARK [3][-]{section*.85}{Dataset 2.1 - Semi-Automatic Method}{subsection.6.2.2}% 68
\BOOKMARK [3][-]{section*.89}{Dataset 2.2 - Manual Method}{subsection.6.2.2}% 69
\BOOKMARK [0][-]{chapter.7}{Conclusions and Future Work}{}% 70
\BOOKMARK [1][-]{section.7.1}{Conclusions}{chapter.7}% 71
\BOOKMARK [1][-]{section.7.2}{Future Work}{chapter.7}% 72
\BOOKMARK [0][-]{section.7.3}{References}{}% 73
\BOOKMARK [0][-]{section.7.4}{On-line References}{}% 74
\BOOKMARK [0][-]{section*.95}{Appendices}{}% 75
\BOOKMARK [0][-]{Appendix.a.A}{Augmented Perception Package}{}% 76
\BOOKMARK [1][-]{section.a.A.1}{Ball Detection Node Interface}{Appendix.a.A}% 77
\BOOKMARK [1][-]{section.a.A.2}{Labelling Node Interface}{Appendix.a.A}% 78
\BOOKMARK [1][-]{section.a.A.3}{Playback}{Appendix.a.A}% 79
\BOOKMARK [1][-]{section.a.A.4}{Dataset Stats Script}{Appendix.a.A}% 80
