This is pdfTeX, Version 3.14159265-2.6-1.40.16 (TeX Live 2015/Debian) (preloaded format=latex 2018.4.17)  28 APR 2018 18:24
entering extended mode
 restricted \write18 enabled.
 %&-line parsing enabled.
**texments.ins
(./texments.ins
LaTeX2e <2016/02/01>
Babel <3.9q> and hyphenation patterns for 4 language(s) loaded.
(/usr/share/texlive/texmf-dist/tex/latex/base/docstrip.tex
\blockLevel=\count79
\emptyLines=\count80
\processedLines=\count81
\commentsRemoved=\count82
\commentsPassed=\count83
\codeLinesPassed=\count84
\TotalprocessedLines=\count85
\TotalcommentsRemoved=\count86
\TotalcommentsPassed=\count87
\TotalcodeLinesPassed=\count88
\NumberOfFiles=\count89
\inFile=\read1
\inputcheck=\read2
\off@0=\count90
\off@1=\count91
\off@2=\count92
\off@3=\count93
\off@4=\count94
\off@5=\count95
\off@6=\count96
\off@7=\count97
\off@8=\count98
\off@9=\count99
\off@10=\count100
\off@11=\count101
\off@12=\count102
\off@13=\count103
\off@14=\count104
\off@15=\count105
\@maxfiles=\count106
\@maxoutfiles=\count107

Utility: `docstrip' 2.5e <2014/09/29>
English documentation    <2014/09/29>

**********************************************************
* This program converts documented macro-files into fast *
* loadable files by stripping off (nearly) all comments! *
**********************************************************

********************************************************
* No Configuration file found, using default settings. *
********************************************************

) File ./texments.sty already exists on the system.
Overwrite it? [y/n]
\answer=y

Generating file(s) ./texments.sty 
\openout0 = `./texments.sty'.


Processing file texments.dtx (package) -> texments.sty
File texments.dtx ended by \endinput.
Lines  processed: 320
Comments removed: 253
Comments  passed: 0
Codelines passed: 56

*************************************************************
*                                                           *
* To finish the installation you have to move the following *
* file into a directory searched by TeX:                    *
*                                                           *
*     texments.sty                                          *
*                                                           *
* This package depends on pygmentize, be sure to install    *
* this tool via your packet management system, look for     *
* python-pygments or use easy_install Pygments              *
*                                                           *
* To produce the documentation run the file texments.dtx    *
* through LaTeX with -shell-escape active.                  *
*                                                           *
* Happy TeXing!                                             *
*                                                           *
*************************************************************
 ) 
Here is how much of TeX's memory you used:
 311 strings out of 494930
 3159 string characters out of 6180168
 53503 words of memory out of 5000000
 3700 multiletter control sequences out of 15000+600000
 3640 words of font info for 14 fonts, out of 8000000 for 9000
 16 hyphenation exceptions out of 8191
 11i,0n,15p,166b,119s stack positions out of 5000i,500n,10000p,200000b,80000s

No pages of output.
